#
# A fatal error has been detected by the Java Runtime Environment:
#
#  Internal Error (classFileParser.cpp:3470), pid=4816, tid=4996
#  Error: ShouldNotReachHere()
#
# JRE version: 7.0_01-b08
# Java VM: Java HotSpot(TM) Client VM (21.1-b02 mixed mode windows-x86 )
# Failed to write core dump. Minidumps are not enabled by default on client versions of Windows
#
# If you would like to submit a bug report, please visit:
#   http://bugreport.sun.com/bugreport/crash.jsp
#

---------------  T H R E A D  ---------------

Current thread (0x00589800):  JavaThread "Unknown thread" [_thread_in_vm, id=4996, stack(0x00500000,0x00550000)]

Stack: [0x00500000,0x00550000],  sp=0x0054f678,  free space=317k
Native frames: (J=compiled Java code, j=interpreted, Vv=VM code, C=native code)
V  [jvm.dll+0x1630e1]
V  [jvm.dll+0x15dcfb]
V  [jvm.dll+0x18e37]
V  [jvm.dll+0x1a6a8]
V  [jvm.dll+0x2a42f]
V  [jvm.dll+0x2b818]
V  [jvm.dll+0x2bedb]
V  [jvm.dll+0x2bf2a]
V  [jvm.dll+0x2c07d]
V  [jvm.dll+0x2c15a]
V  [jvm.dll+0x2c3d7]
V  [jvm.dll+0x73cb1]
V  [jvm.dll+0x7406b]
V  [jvm.dll+0x121a7c]
V  [jvm.dll+0x14382a]
V  [jvm.dll+0xa2940]
C  [javaw.exe+0x1359]
C  [javaw.exe+0x1dc9]
C  [javaw.exe+0xa0cb]
C  [javaw.exe+0xa155]
C  [kernel32.dll+0x4ed6c]  BaseThreadInitThunk+0x12
C  [ntdll.dll+0x637f5]  RtlInitializeExceptionChain+0xef
C  [ntdll.dll+0x637c8]  RtlInitializeExceptionChain+0xc2


---------------  P R O C E S S  ---------------

Java Threads: ( => current thread )

Other Threads:

=>0x00589800 (exited) JavaThread "Unknown thread" [_thread_in_vm, id=4996, stack(0x00500000,0x00550000)]

VM state:not at safepoint (not fully initialized)

VM Mutex/Monitor currently owned by a thread: None

Dynamic libraries:
0x01300000 - 0x0132f000 	C:\Program Files\Java\jre7\bin\javaw.exe
0x77450000 - 0x7758c000 	C:\Windows\SYSTEM32\ntdll.dll
0x768d0000 - 0x769a4000 	C:\Windows\system32\kernel32.dll
0x75750000 - 0x7579a000 	C:\Windows\system32\KERNELBASE.dll
0x769b0000 - 0x76a50000 	C:\Windows\system32\ADVAPI32.dll
0x77000000 - 0x770ac000 	C:\Windows\system32\msvcrt.dll
0x759d0000 - 0x759e9000 	C:\Windows\SYSTEM32\sechost.dll
0x75920000 - 0x759c1000 	C:\Windows\system32\RPCRT4.dll
0x76c00000 - 0x76cc9000 	C:\Windows\system32\USER32.dll
0x775c0000 - 0x7760e000 	C:\Windows\system32\GDI32.dll
0x77630000 - 0x7763a000 	C:\Windows\system32\LPK.dll
0x76b20000 - 0x76bbd000 	C:\Windows\system32\USP10.dll
0x742e0000 - 0x7447e000 	C:\Windows\WinSxS\x86_microsoft.windows.common-controls_6595b64144ccf1df_6.0.7601.17514_none_41e6975e2bd6f2b2\COMCTL32.dll
0x759f0000 - 0x75a47000 	C:\Windows\system32\SHLWAPI.dll
0x77610000 - 0x7762f000 	C:\Windows\system32\IMM32.DLL
0x76cd0000 - 0x76d9c000 	C:\Windows\system32\MSCTF.dll
0x64cc0000 - 0x64d7e000 	C:\Program Files\Java\jre7\bin\msvcr100.dll
0x64990000 - 0x64cb1000 	C:\Program Files\Java\jre7\bin\client\jvm.dll
0x737e0000 - 0x737e7000 	C:\Windows\system32\WSOCK32.dll
0x76bc0000 - 0x76bf5000 	C:\Windows\system32\WS2_32.dll
0x775b0000 - 0x775b6000 	C:\Windows\system32\NSI.dll
0x73d10000 - 0x73d42000 	C:\Windows\system32\WINMM.dll
0x77670000 - 0x77675000 	C:\Windows\system32\PSAPI.DLL
0x6d5a0000 - 0x6d5ac000 	C:\Program Files\Java\jre7\bin\verify.dll
0x669a0000 - 0x669c0000 	C:\Program Files\Java\jre7\bin\java.dll
0x6b090000 - 0x6b0a3000 	C:\Program Files\Java\jre7\bin\zip.dll

VM Arguments:
jvm_args: -Dfile.encoding=Cp1252 -Xbootclasspath:C:\Program Files\Android\android-sdk\platforms\android-7\android.jar;C:\Program Files\Android\android-sdk\add-ons\addon-google_apis-google_inc_-7\libs\maps.jar 
java_command: com.model.processing.ann.NeuralNetwork
Launcher Type: SUN_STANDARD

Environment Variables:
JAVA_HOME=C:\Program Files\Java\jdk1.6.0_21
JRE_HOME=C:\Program Files\Java\jre6
PATH=C:/Program Files/Java/jre7/bin/client;C:/Program Files/Java/jre7/bin;C:/Program Files/Java/jre7/lib/i386;C:\Program Files\MiKTeX 2.9\miktex\bin;C:\Windows\system32;C:\Windows;C:\Windows\System32\Wbem;C:\Windows\System32\WindowsPowerShell\v1.0\;C:\Program Files\Microsoft ASP.NET\ASP.NET Web Pages\v1.0\;"C:\Program Files\Java\jre6\bin";"C:\Program Files\Java\jdk1.6.0_21\bin";C:\Program Files\MATLAB\R2007b\bin;C:\Program Files\MATLAB\R2007b\bin\win32;C:\Program Files\eclipse;
USERNAME=adji
OS=Windows_NT
PROCESSOR_IDENTIFIER=x86 Family 6 Model 15 Stepping 13, GenuineIntel



---------------  S Y S T E M  ---------------

OS: Windows 7 Build 7601 Service Pack 1

CPU:total 2 (2 cores per cpu, 1 threads per core) family 6 model 15 stepping 13, cmov, cx8, fxsr, mmx, sse, sse2, sse3, ssse3

Memory: 4k page, physical 3135928k(1537720k free), swap 6270100k(4049072k free)

vm_info: Java HotSpot(TM) Client VM (21.1-b02) for windows-x86 JRE (1.7.0_01-b08), built on Oct  3 2011 02:11:36 by "java_re" with unknown MS VC++:1600

time: Wed Mar 28 16:39:18 2012
elapsed time: 0 seconds

